#-----------------------------------------------------------
# Vivado v2016.2 (64-bit)
# SW Build 1577090 on Thu Jun  2 16:32:40 MDT 2016
# IP Build 1577682 on Fri Jun  3 12:00:54 MDT 2016
# Start of session at: Sun Dec 10 20:12:38 2017
# Process ID: 17268
# Current directory: C:/Users/Aaron Wubshet/Desktop/New folder (2)/6.111_Final_Project/FinalProjectContainer/FinalProject
# Command line: vivado.exe -gui_launcher_event rodinguilauncherevent13868 C:\Users\Aaron Wubshet\Desktop\New folder (2)\6.111_Final_Project\FinalProjectContainer\FinalProject\FinalProject.xpr
# Log file: C:/Users/Aaron Wubshet/Desktop/New folder (2)/6.111_Final_Project/FinalProjectContainer/FinalProject/vivado.log
# Journal file: C:/Users/Aaron Wubshet/Desktop/New folder (2)/6.111_Final_Project/FinalProjectContainer/FinalProject\vivado.jou
#-----------------------------------------------------------
start_gui
open_project {C:/Users/Aaron Wubshet/Desktop/New folder (2)/6.111_Final_Project/FinalProjectContainer/FinalProject/FinalProject.xpr}
INFO: [ProjectBase 1-489] The host OS only allows 260 characters in a normal path. The project is stored in a path with more than 80 characters. If you experience issues with IP, Block Designs, or files not being found, please consider moving the project to a location with a shorter path. Alternately consider using the OS subst command to map part of the path to a drive letter.
Current project path is 'C:/Users/Aaron Wubshet/Desktop/New folder (2)/6.111_Final_Project/FinalProjectContainer/FinalProject'
INFO: [Project 1-313] Project file moved from '/afs/athena.mit.edu/user/j/u/julianch/final_project_debug/FinalProject' since last save.
Scanning sources...
Finished scanning sources
INFO: [IP_Flow 19-234] Refreshing IP repositories
INFO: [IP_Flow 19-1704] No user IP repositories specified
INFO: [IP_Flow 19-2313] Loaded Vivado IP repository 'C:/Xilinx/Vivado/2016.2/data/ip'.
open_project: Time (s): cpu = 00:00:41 ; elapsed = 00:00:21 . Memory (MB): peak = 936.180 ; gain = 320.781
update_compile_order -fileset sources_1
reset_run synth_1
reset_run clk_manager_synth_1
reset_run frame_buffer_synth_1
reset_run xy_bin_synth_1
reset_run bram_fft_output_buffer_synth_1
reset_run div_gen_0_synth_1
reset_run filter_input_buffer_synth_1
reset_run ila_0_synth_1
launch_runs impl_1 -to_step write_bitstream -jobs 2
INFO: [IP_Flow 19-1686] Generating 'Synthesis' target for IP 'frame_buffer'...
[Sun Dec 10 20:14:08 2017] Launched clk_manager_synth_1, frame_buffer_synth_1, xy_bin_synth_1, bram_fft_output_buffer_synth_1, div_gen_0_synth_1, filter_input_buffer_synth_1, ila_0_synth_1, synth_1...
Run output will be captured here:
clk_manager_synth_1: C:/Users/Aaron Wubshet/Desktop/New folder (2)/6.111_Final_Project/FinalProjectContainer/FinalProject/FinalProject.runs/clk_manager_synth_1/runme.log
frame_buffer_synth_1: C:/Users/Aaron Wubshet/Desktop/New folder (2)/6.111_Final_Project/FinalProjectContainer/FinalProject/FinalProject.runs/frame_buffer_synth_1/runme.log
xy_bin_synth_1: C:/Users/Aaron Wubshet/Desktop/New folder (2)/6.111_Final_Project/FinalProjectContainer/FinalProject/FinalProject.runs/xy_bin_synth_1/runme.log
bram_fft_output_buffer_synth_1: C:/Users/Aaron Wubshet/Desktop/New folder (2)/6.111_Final_Project/FinalProjectContainer/FinalProject/FinalProject.runs/bram_fft_output_buffer_synth_1/runme.log
div_gen_0_synth_1: C:/Users/Aaron Wubshet/Desktop/New folder (2)/6.111_Final_Project/FinalProjectContainer/FinalProject/FinalProject.runs/div_gen_0_synth_1/runme.log
filter_input_buffer_synth_1: C:/Users/Aaron Wubshet/Desktop/New folder (2)/6.111_Final_Project/FinalProjectContainer/FinalProject/FinalProject.runs/filter_input_buffer_synth_1/runme.log
ila_0_synth_1: C:/Users/Aaron Wubshet/Desktop/New folder (2)/6.111_Final_Project/FinalProjectContainer/FinalProject/FinalProject.runs/ila_0_synth_1/runme.log
synth_1: C:/Users/Aaron Wubshet/Desktop/New folder (2)/6.111_Final_Project/FinalProjectContainer/FinalProject/FinalProject.runs/synth_1/runme.log
[Sun Dec 10 20:14:09 2017] Launched impl_1...
Run output will be captured here: C:/Users/Aaron Wubshet/Desktop/New folder (2)/6.111_Final_Project/FinalProjectContainer/FinalProject/FinalProject.runs/impl_1/runme.log
launch_runs: Time (s): cpu = 00:00:52 ; elapsed = 00:00:50 . Memory (MB): peak = 941.797 ; gain = 0.273
reset_run clk_manager_synth_1
reset_run frame_buffer_synth_1
reset_run xy_bin_synth_1
reset_run bram_fft_output_buffer_synth_1
reset_run div_gen_0_synth_1
reset_run filter_input_buffer_synth_1
reset_run ila_0_synth_1
reset_run synth_1
launch_runs synth_1 -jobs 2
[Sun Dec 10 20:15:18 2017] Launched clk_manager_synth_1, frame_buffer_synth_1, xy_bin_synth_1, bram_fft_output_buffer_synth_1, div_gen_0_synth_1, filter_input_buffer_synth_1, ila_0_synth_1...
Run output will be captured here:
clk_manager_synth_1: C:/Users/Aaron Wubshet/Desktop/New folder (2)/6.111_Final_Project/FinalProjectContainer/FinalProject/FinalProject.runs/clk_manager_synth_1/runme.log
frame_buffer_synth_1: C:/Users/Aaron Wubshet/Desktop/New folder (2)/6.111_Final_Project/FinalProjectContainer/FinalProject/FinalProject.runs/frame_buffer_synth_1/runme.log
xy_bin_synth_1: C:/Users/Aaron Wubshet/Desktop/New folder (2)/6.111_Final_Project/FinalProjectContainer/FinalProject/FinalProject.runs/xy_bin_synth_1/runme.log
bram_fft_output_buffer_synth_1: C:/Users/Aaron Wubshet/Desktop/New folder (2)/6.111_Final_Project/FinalProjectContainer/FinalProject/FinalProject.runs/bram_fft_output_buffer_synth_1/runme.log
div_gen_0_synth_1: C:/Users/Aaron Wubshet/Desktop/New folder (2)/6.111_Final_Project/FinalProjectContainer/FinalProject/FinalProject.runs/div_gen_0_synth_1/runme.log
filter_input_buffer_synth_1: C:/Users/Aaron Wubshet/Desktop/New folder (2)/6.111_Final_Project/FinalProjectContainer/FinalProject/FinalProject.runs/filter_input_buffer_synth_1/runme.log
ila_0_synth_1: C:/Users/Aaron Wubshet/Desktop/New folder (2)/6.111_Final_Project/FinalProjectContainer/FinalProject/FinalProject.runs/ila_0_synth_1/runme.log
[Sun Dec 10 20:15:18 2017] Launched synth_1...
Run output will be captured here: C:/Users/Aaron Wubshet/Desktop/New folder (2)/6.111_Final_Project/FinalProjectContainer/FinalProject/FinalProject.runs/synth_1/runme.log
reset_run ila_0_synth_1
reset_run synth_1
reset_run div_gen_0_synth_1
reset_run filter_input_buffer_synth_1
exit
INFO: [Common 17-206] Exiting Vivado at Sun Dec 10 20:16:06 2017...
