Copyright 1986-2016 Xilinx, Inc. All Rights Reserved.
------------------------------------------------------------------------------------------
| Tool Version : Vivado v.2016.2 (win64) Build 1577090 Thu Jun  2 16:32:40 MDT 2016
| Date         : Mon Dec 11 14:36:02 2017
| Host         : THINKPAD running 64-bit major release  (build 9200)
| Command      : report_control_sets -verbose -file final_project_control_sets_placed.rpt
| Design       : final_project
| Device       : xc7a100t
------------------------------------------------------------------------------------------

Control Set Information

Table of Contents
-----------------
1. Summary
2. Flip-Flop Distribution
3. Detailed Control Set Information

1. Summary
----------

+----------------------------------------------------------+-------+
|                          Status                          | Count |
+----------------------------------------------------------+-------+
| Number of unique control sets                            |   128 |
| Unused register locations in slices containing registers |   436 |
+----------------------------------------------------------+-------+


2. Flip-Flop Distribution
-------------------------

+--------------+-----------------------+------------------------+-----------------+--------------+
| Clock Enable | Synchronous Set/Reset | Asynchronous Set/Reset | Total Registers | Total Slices |
+--------------+-----------------------+------------------------+-----------------+--------------+
| No           | No                    | No                     |             641 |          217 |
| No           | No                    | Yes                    |               0 |            0 |
| No           | Yes                   | No                     |              78 |           28 |
| Yes          | No                    | No                     |            3159 |          862 |
| Yes          | No                    | Yes                    |               0 |            0 |
| Yes          | Yes                   | No                     |             406 |          134 |
+--------------+-----------------------+------------------------+-----------------+--------------+


3. Detailed Control Set Information
-----------------------------------

+------------------------+-----------------------------------------------------------------------------------------------------------------------+-------------------------------------------------+------------------+----------------+
|      Clock Signal      |                                                     Enable Signal                                                     |                 Set/Reset Signal                | Slice Load Count | Bel Load Count |
+------------------------+-----------------------------------------------------------------------------------------------------------------------+-------------------------------------------------+------------------+----------------+
|  clocker/inst/clk_out1 | down/new__i_1__0_n_0                                                                                                  |                                                 |                1 |              1 |
|  clocker/inst/clk_out1 | up/new__i_1_n_0                                                                                                       |                                                 |                1 |              1 |
|  clocker/inst/clk_out1 | sd_read_write/cs_i_1_n_0                                                                                              |                                                 |                1 |              1 |
|  clocker/inst/clk_out2 |                                                                                                                       | audio_stuff/filter_controller/hpf/PWM_out_reg   |                1 |              1 |
|  clocker/inst/clk_out2 | box/edge_detection/bw_pixel3[3]_i_1_n_0                                                                               |                                                 |                2 |              4 |
|  clocker/inst/clk_out1 |                                                                                                                       | display/strobe[3]_i_1_n_0                       |                1 |              4 |
|  clocker/inst/clk_out1 |                                                                                                                       | display/p_0_in[2]                               |                2 |              4 |
|  clocker/inst/clk_out2 | box/edge_detection/bw_pixel_load2                                                                                     |                                                 |                1 |              4 |
|  clocker/inst/clk_out2 | box/edge_detection/bw_pixel2                                                                                          |                                                 |                1 |              4 |
|  clocker/inst/clk_out2 | box/edge_detection/bw_pixel1                                                                                          |                                                 |                2 |              4 |
|  clocker/inst/clk_out2 | julian_color/pulse_up/off3_reg[3][0]                                                                                  | SW_IBUF[14]                                     |                1 |              4 |
|  clocker/inst/clk_out2 | box/edge_detection/bw_pixel0                                                                                          |                                                 |                2 |              4 |
|  clocker/inst/clk_out2 | box/edge_detection/bw_pixel_load0                                                                                     |                                                 |                1 |              4 |
|  clocker/inst/clk_out2 | box/edge_detection/bw_pixel8                                                                                          |                                                 |                1 |              4 |
|  clocker/inst/clk_out2 | box/edge_detection/bw_pixel7                                                                                          |                                                 |                2 |              4 |
|  clocker/inst/clk_out2 | box/edge_detection/bw_pixel6                                                                                          |                                                 |                1 |              4 |
|  clocker/inst/clk_out2 | box/edge_detection/bw_pixel5                                                                                          |                                                 |                2 |              4 |
|  clocker/inst/clk_out2 | box/edge_detection/bw_pixel4                                                                                          |                                                 |                2 |              4 |
|  clocker/inst/clk_out2 | julian_color/test_FFT/one[7]_i_2_n_0                                                                                  | julian_color/test_FFT/one[7]_i_1_n_0            |                1 |              4 |
|  clocker/inst/clk_out2 | box/edge_detection/bw_pixel_load1                                                                                     |                                                 |                1 |              4 |
|  clocker/inst/clk_out2 | julian_color/pulse_up/off2_reg[3][0]                                                                                  | SW_IBUF[14]                                     |                1 |              4 |
|  clocker/inst/clk_out2 | julian_color/pulse_up/off4_reg[3][0]                                                                                  | SW_IBUF[14]                                     |                1 |              4 |
|  clocker/inst/clk_out1 | box/skinny_edge/i                                                                                                     | box/skinny_edge/i[3]_i_1__0_n_0                 |                2 |              4 |
|  clocker/inst/clk_out1 | box/skinny_edge/state[3]_i_2__1_n_0                                                                                   | box/edge_detection/SR[0]                        |                2 |              4 |
|  clocker/inst/clk_out2 | julian_color/pulse_up/E[0]                                                                                            | SW_IBUF[14]                                     |                1 |              4 |
|  clocker/inst/clk_out1 | sd_read_write/cmd_out[45]_i_1_n_0                                                                                     | sd_read_write/cmd_out[6]_i_1_n_0                |                1 |              4 |
|  clocker/inst/clk_out2 | julian_color/test_FFT/bin_acc                                                                                         |                                                 |                2 |              4 |
|  clocker/inst/clk_out2 | box/edge_detection/i                                                                                                  | box/edge_detection/i[3]_i_1_n_0                 |                1 |              4 |
|  clocker/inst/clk_out2 | box/edge_detection/state[3]_i_2__0_n_0                                                                                | box/edge_detection/state[3]_i_1__0_n_0          |                2 |              4 |
|  clocker/inst/clk_out2 | box/edge_detection/x[9]_i_1_n_0                                                                                       |                                                 |                3 |              4 |
|  clocker/inst/clk_out1 | sd_read_write/state[4]_i_1_n_0                                                                                        |                                                 |                5 |              5 |
|  clocker/inst/clk_out1 | sd_read_write/return_state[4]_i_1_n_0                                                                                 |                                                 |                3 |              5 |
|  clocker/inst/clk_out2 | audio_stuff/filter_controller/lpf/sel                                                                                 | audio_stuff/filter_controller/lpf/accumulator   |                2 |              5 |
|  clocker/inst/clk_out2 | audio_stuff/filter_controller/hpf/idx_reg[4]_i_2_n_0                                                                  | audio_stuff/filter_controller/hpf/p_0_in        |                1 |              5 |
|  clocker/inst/clk_out2 | audio_stuff/my_fft/xfft_0/U0/i_synth/axi_wrapper/tw_scale_reg_ce_2                                                    |                                                 |                3 |              5 |
|  clocker/inst/clk_out1 | box/separate/edge_addr_read[5]_i_1_n_0                                                                                |                                                 |                2 |              6 |
|  clocker/inst/clk_out1 |                                                                                                                       | box/isolate/SR[0]                               |                3 |              6 |
|  clocker/inst/clk_out2 | julian_color/test_FFT/bin_acc                                                                                         | julian_color/test_FFT/bram_addr[5]_i_1_n_0      |                2 |              6 |
|  clocker/inst/clk_out2 | box/edge_detection/x[9]_i_1_n_0                                                                                       | box/edge_detection/x[8]_i_1_n_0                 |                2 |              6 |
|  clocker/inst/clk_out2 | box/edge_detection/y                                                                                                  | box/edge_detection/y[8]_i_1_n_0                 |                2 |              6 |
|  clocker/inst/clk_out1 | sd_read_write/data_sig[7]_i_2_n_0                                                                                     | sd_read_write/data_sig[7]_i_1_n_0               |                1 |              7 |
|  clocker/inst/clk_out1 | box/isolate/x_curr[8]_i_2_n_0                                                                                         | box/isolate/x_curr[8]_i_1_n_0                   |                2 |              7 |
|  clocker/inst/clk_out2 | audio_stuff/my_fft/xfft_0/U0/i_synth/axi_wrapper/tw_scale_reg_ce_1                                                    |                                                 |                4 |              7 |
|  clocker/inst/clk_out2 | julian_color/test_FFT/four[11]_i_1_n_0                                                                                |                                                 |                1 |              7 |
|  clocker/inst/clk_out2 | julian_color/test_FFT/julian_test[9]_i_1_n_0                                                                          |                                                 |                4 |              7 |
|  clocker/inst/clk_out2 | julian_color/test_FFT/three[11]_i_1_n_0                                                                               |                                                 |                3 |              8 |
|  clocker/inst/clk_out2 | julian_color/test_FFT/two[11]_i_1_n_0                                                                                 |                                                 |                3 |              8 |
|  clocker/inst/clk_out1 | sd_read_write/dout[7]_i_1_n_0                                                                                         |                                                 |                2 |              8 |
|  clocker/inst/clk_out1 | sd_read_write/recv_data[0]_i_1_n_0                                                                                    |                                                 |                2 |              8 |
|  clocker/inst/clk_out2 | audio_stuff/filter_controller/hpf/y[7]_i_1__0_n_0                                                                     |                                                 |                2 |              8 |
|  clocker/inst/clk_out2 | audio_stuff/filter_controller/lpf/y[17]_i_1_n_0                                                                       |                                                 |                2 |              8 |
|  clocker/inst/clk_out1 | box/isolate/y_curr[8]_i_2_n_0                                                                                         | box/isolate/y_curr[8]_i_1_n_0                   |                3 |              8 |
|  clocker/inst/clk_out2 | audio_stuff/my_fft/xfft_0/U0/i_synth/axi_wrapper/tw_scale_reg_ce_0                                                    |                                                 |                4 |              9 |
|  clocker/inst/clk_out1 | sd_read_write/cmd_out[45]_i_1_n_0                                                                                     | sd_read_write/cmd_out[55]_i_1_n_0               |                2 |              9 |
|  clocker/inst/clk_out2 | audio_stuff/myfifo/rptr[5]_i_2_n_0                                                                                    | audio_stuff/myfifo/rptr[5]_i_1_n_0              |                2 |              9 |
|  clocker/inst/clk_out2 | audio_stuff/fwrite_reg_n_0                                                                                            | SW_IBUF[15]                                     |                4 |              9 |
|  clocker/inst/clk_out2 | audio_stuff/sd_count[8]_i_1_n_0                                                                                       |                                                 |                3 |              9 |
|  clocker/inst/clk_out2 | audio_stuff/my_fft/cordic_0/U0/i_synth/i_synth/gen_sqrt.square_root/gen_rdy_int/CE                                    |                                                 |                4 |              9 |
|  clocker/inst/clk_out1 | sd_read_write/bit_counter[9]_i_1_n_0                                                                                  |                                                 |                5 |             10 |
|  clocker/inst/clk_out1 | sd_read_write/cmd_out[45]_i_1_n_0                                                                                     | sd_read_write/cmd_out[47]_i_1_n_0               |                2 |             10 |
|  clocker/inst/clk_out2 | audio_stuff/my_fft/xfft_0/U0/i_synth/axi_wrapper/symbols_out_remaining[9]_i_1_n_0                                     |                                                 |                4 |             10 |
|  clocker/inst/clk_out1 | sd_read_write/byte_counter[9]_i_1_n_0                                                                                 |                                                 |                4 |             10 |
|  clocker/inst/clk_out2 | audio_stuff/filter_bram_addra_filter_reg[10]_i_1_n_0                                                                  | SW_IBUF[15]                                     |                5 |             11 |
|  clocker/inst/clk_out2 | box/separate/E[0]                                                                                                     | SW_IBUF[15]                                     |                3 |             11 |
|  clocker/inst/clk_out2 | box/edge_detection/GX2                                                                                                |                                                 |                6 |             11 |
|  clocker/inst/clk_out2 | box/edge_detection/GY2                                                                                                |                                                 |                6 |             11 |
|  clocker/inst/clk_out2 | audio_stuff/my_fft/xfft_0/U0/i_synth/axi_wrapper/config_channel_fifo/gen_non_real_time.data_in_fifo_pt1/wr_enable     |                                                 |                2 |             11 |
|  clocker/inst/clk_out2 | audio_stuff/my_fft/xfft_0/U0/i_synth/axi_wrapper/has_scale_sch_buffer.scale_sch_int_reg[9][0]                         |                                                 |                3 |             11 |
|  clocker/inst/clk_out2 | audio_stuff/my_fft/xfft_0/U0/i_synth/axi_wrapper/tw_scale_reg_ce                                                      |                                                 |                5 |             11 |
|  clocker/inst/clk_out2 | audio_stuff/my_fft/xfft_0/U0/i_synth/axi_wrapper/E[0]                                                                 |                                                 |                4 |             11 |
|  clocker/inst/clk_out2 | audio_stuff/my_fft/xfft_0/U0/i_synth/axi_wrapper/i_tc_compare_reg                                                     |                                                 |                5 |             12 |
|  clocker/inst/clk_out2 | audio_stuff/my_fft/xfft_0/U0/i_synth/axi_wrapper/i_tc_compare_reg_5                                                   |                                                 |                4 |             12 |
|  clocker/inst/clk_out2 | audio_stuff/myfifo/fifo_reg_64_127_0_2_i_1_n_0                                                                        |                                                 |                3 |             12 |
|  clocker/inst/clk_out2 | audio_stuff/myfifo/fifo_reg_0_63_0_2_i_1_n_0                                                                          |                                                 |                3 |             12 |
|  clocker/inst/clk_out1 | box/separate/pixel_per_bin                                                                                            |                                                 |                4 |             12 |
|  clocker/inst/clk_out1 | box/separate/pixel_count                                                                                              | box/isolate/SR[0]                               |                2 |             12 |
|  clocker/inst/clk_out1 | box/separate/divisor_in                                                                                               |                                                 |                4 |             12 |
|  clocker/inst/clk_out2 | audio_stuff/myfifo/fifo_reg_128_191_0_2_i_1_n_0                                                                       |                                                 |                3 |             12 |
|  clocker/inst/clk_out2 | audio_stuff/myfifo/fifo_reg_192_255_0_2_i_1_n_0                                                                       |                                                 |                3 |             12 |
|  clocker/inst/clk_out2 | audio_stuff/myfifo/fifo_reg_320_383_0_2_i_1_n_0                                                                       |                                                 |                3 |             12 |
|  clocker/inst/clk_out2 | audio_stuff/myfifo/fifo_reg_384_447_0_2_i_1_n_0                                                                       |                                                 |                3 |             12 |
|  clocker/inst/clk_out2 | audio_stuff/myfifo/fifo_reg_448_511_0_2_i_1_n_0                                                                       |                                                 |                3 |             12 |
|  clocker/inst/clk_out1 | julian_color/test_color/hreset                                                                                        | julian_color/test_color/vcount0                 |                3 |             12 |
|  clocker/inst/clk_out1 |                                                                                                                       | julian_color/test_color/hreset                  |                3 |             12 |
|  clocker/inst/clk_out2 | audio_stuff/my_fft/xfft_0/U0/i_synth/axi_wrapper/i_tc_compare_reg_1                                                   |                                                 |                4 |             12 |
|  clocker/inst/clk_out2 | audio_stuff/my_fft/xfft_0/U0/i_synth/axi_wrapper/i_tc_compare_reg_6                                                   |                                                 |                4 |             12 |
|  clocker/inst/clk_out2 | audio_stuff/my_fft/xfft_0/U0/i_synth/axi_wrapper/i_tc_compare_reg_2                                                   |                                                 |                4 |             12 |
|  clocker/inst/clk_out1 | box/isolate/num_pixels[0]_i_2_n_0                                                                                     | box/skinny_edge/p_0_in                          |                3 |             12 |
|  clocker/inst/clk_out2 | audio_stuff/my_fft/xfft_0/U0/i_synth/axi_wrapper/i_tc_compare_reg_4                                                   |                                                 |                4 |             12 |
|  clocker/inst/clk_out2 | audio_stuff/my_fft/xfft_0/U0/i_synth/axi_wrapper/CE                                                                   |                                                 |                4 |             12 |
|  clocker/inst/clk_out2 | audio_stuff/myfifo/fifo_reg_256_319_0_2_i_1_n_0                                                                       |                                                 |                3 |             12 |
|  clocker/inst/clk_out2 | audio_stuff/my_fft/xfft_0/U0/i_synth/axi_wrapper/i_tc_compare_reg_0                                                   |                                                 |                4 |             12 |
|  clocker/inst/clk_out2 | audio_stuff/my_fft/xfft_0/U0/i_synth/axi_wrapper/i_tc_compare_reg_3                                                   |                                                 |                4 |             12 |
|  clocker/inst/clk_out2 | audio_stuff/my_fft/xfft_0/U0/i_synth/xfft_inst/non_floating_point.arch_d.xfft_inst/FLOW/proc0_counter/load_cnt_ce     |                                                 |                4 |             12 |
|  clocker/inst/clk_out1 | box/separate/edge_addr_read[5]_i_1_n_0                                                                                | box/separate/edge_addr_read[18]_i_1__1_n_0      |                3 |             13 |
|  clocker/inst/clk_out2 | julian_color/test_FFT/bin_count                                                                                       | julian_color/test_FFT/bin_count[1]_i_1_n_0      |                3 |             13 |
|  clocker/inst/clk_out2 | box/edge_detection/GX                                                                                                 |                                                 |                4 |             14 |
|  clocker/inst/clk_out2 | box/edge_detection/edge_memory_addr[18]_i_2_n_0                                                                       | box/edge_detection/edge_memory_addr[18]_i_1_n_0 |                5 |             16 |
|  clocker/inst/clk_out2 | audio_stuff/my_fft/xfft_0/U0/i_synth/axi_wrapper/data_in_channel_fifo/gen_non_real_time.data_in_fifo_pt1/wr_enable    |                                                 |                2 |             16 |
|  clocker/inst/clk_out2 | audio_stuff/my_fft/xfft_0/U0/i_synth/axi_wrapper/data_in_channel_fifo/gen_non_real_time.data_in_fifo_pt1/p_8_out      |                                                 |                3 |             16 |
|  clocker/inst/clk_out2 | audio_stuff/my_fft/xfft_0/U0/i_synth/axi_wrapper/data_in_channel_fifo/gen_non_real_time.data_in_fifo_pt1/p_4_out5_out |                                                 |                2 |             16 |
|  clocker/inst/clk_out2 | audio_stuff/filter_controller/lpf/accumulator                                                                         |                                                 |                2 |             16 |
|  clocker/inst/clk_out2 | audio_stuff/my_fft/xfft_0/U0/i_synth/xfft_inst/non_floating_point.arch_d.xfft_inst/no_bit_reverse.DV_delay/wr_enable  |                                                 |                3 |             17 |
|  clocker/inst/clk_out1 | box/skinny_edge/middle_addr                                                                                           | box/skinny_edge/middle_addr[18]_i_1_n_0         |                5 |             18 |
|  clocker/inst/clk_out2 | julian_color/test_FFT/bin_acc                                                                                         | julian_color/test_FFT/bin_acc0_i_1_n_0          |                8 |             19 |
|  clocker/inst/clk_out1 | box/isolate/edge_addr_write[18]_i_2_n_0                                                                               | box/isolate/edge_addr_write[18]_i_1_n_0         |               12 |             19 |
|  clocker/inst/clk_out1 | box/isolate/edge_addr_read[18]_i_2_n_0                                                                                | box/isolate/edge_addr_read[18]_i_1__0_n_0       |                8 |             19 |
|  clocker/inst/clk_out1 | box/isolate/addr_start                                                                                                |                                                 |                4 |             19 |
|  clocker/inst/clk_out1 | box/isolate/addr_prev[18]_i_1_n_0                                                                                     |                                                 |                7 |             19 |
|  clocker/inst/clk_out1 | box/isolate/addr_curr                                                                                                 |                                                 |                6 |             19 |
|  clocker/inst/clk_out1 | box/skinny_edge/edge_addr_read[18]_i_1_n_0                                                                            |                                                 |               11 |             19 |
|  clocker/inst/clk_out2 |                                                                                                                       | SW_IBUF[15]                                     |               10 |             19 |
|  clocker/inst/clk_out1 | box/separate/addr_start[18]_i_1__0_n_0                                                                                |                                                 |                3 |             19 |
|  clocker/inst/clk_out1 | box/separate/addr_prev[18]_i_2_n_0                                                                                    | box/separate/addr_prev[18]_i_1__0_n_0           |                7 |             19 |
|  clocker/inst/clk_out1 | box/separate/addr_curr                                                                                                |                                                 |                9 |             19 |
|  clocker/inst/clk_out2 | box/edge_detection/pic_memory_addr[18]_i_1_n_0                                                                        |                                                 |               13 |             19 |
|  clocker/inst/clk_out1 | up/count                                                                                                              | up/new__i_1_n_0                                 |                5 |             20 |
|  clocker/inst/clk_out1 | down/count                                                                                                            | down/new__i_1__0_n_0                            |                5 |             20 |
|  clocker/inst/clk_out1 | box/skinny_edge/bram_write[2]_i_1__0_n_0                                                                              |                                                 |               13 |             22 |
|  clocker/inst/clk_out1 | box/separate/bram_write[2]_i_2__0_n_0                                                                                 | box/separate/bram_write[2]_i_1__1_n_0           |               13 |             22 |
|  clocker/inst/clk_out2 | audio_stuff/fft_send_count                                                                                            |                                                 |                6 |             23 |
|  clocker/inst/clk_out2 | audio_stuff/sd_addr[9]_i_1_n_0                                                                                        | SW_IBUF[15]                                     |                6 |             23 |
|  clocker/inst/clk_out1 | sd_read_write/boot_counter[0]_i_1_n_0                                                                                 |                                                 |                7 |             27 |
|  clocker/inst/clk_out2 |                                                                                                                       | audio_stuff/clk_32khz_module/counter[0]_i_1_n_0 |                8 |             32 |
|  clocker/inst/clk_out1 | sd_read_write/cmd_out[45]_i_1_n_0                                                                                     |                                                 |               11 |             33 |
|  clocker/inst/clk_out1 |                                                                                                                       |                                                 |              120 |            351 |
|  clocker/inst/clk_out2 |                                                                                                                       |                                                 |              124 |            381 |
|  clocker/inst/clk_out2 | audio_stuff/my_fft/xfft_0/U0/i_synth/axi_wrapper/ce_w2c                                                               |                                                 |              772 |           3275 |
+------------------------+-----------------------------------------------------------------------------------------------------------------------+-------------------------------------------------+------------------+----------------+


