#-----------------------------------------------------------
# Vivado v2016.2 (64-bit)
# SW Build 1577090 on Thu Jun  2 16:32:40 MDT 2016
# IP Build 1577682 on Fri Jun  3 12:00:54 MDT 2016
# Start of session at: Sun Nov 19 17:21:45 2017
# Process ID: 4744
# Current directory: C:/Users/Aaron Wubshet/Desktop/new_folder/Final_Project
# Command line: vivado.exe -gui_launcher_event rodinguilauncherevent6560 C:\Users\Aaron Wubshet\Desktop\new_folder\Final_Project\Final_Project.xpr
# Log file: C:/Users/Aaron Wubshet/Desktop/new_folder/Final_Project/vivado.log
# Journal file: C:/Users/Aaron Wubshet/Desktop/new_folder/Final_Project\vivado.jou
#-----------------------------------------------------------
start_gui
open_project {C:/Users/Aaron Wubshet/Desktop/new_folder/Final_Project/Final_Project.xpr}
Scanning sources...
Finished scanning sources
INFO: [IP_Flow 19-234] Refreshing IP repositories
INFO: [IP_Flow 19-1704] No user IP repositories specified
INFO: [IP_Flow 19-2313] Loaded Vivado IP repository 'C:/Xilinx/Vivado/2016.2/data/ip'.
open_project: Time (s): cpu = 00:00:18 ; elapsed = 00:00:10 . Memory (MB): peak = 758.484 ; gain = 116.996
update_compile_order -fileset sources_1
reset_run synth_1
launch_runs synth_1 -jobs 2
INFO: [HDL 9-2216] Analyzing Verilog file "C:/Users/Aaron Wubshet/Desktop/new_folder/Final_Project/Final_Project.srcs/sources_1/imports/New folder/debug.v" into library work [C:/Users/Aaron Wubshet/Desktop/new_folder/Final_Project/Final_Project.srcs/sources_1/imports/New folder/debug.v:1]
[Sun Nov 19 21:39:34 2017] Launched synth_1...
Run output will be captured here: C:/Users/Aaron Wubshet/Desktop/new_folder/Final_Project/Final_Project.runs/synth_1/runme.log
DADDR_08: 1145	-CLKOUT0 Register 1
DADDR_09: 0000	-CLKOUT0 Register 2
DADDR_08: 1145	-CLKOUT0 Register 1
DADDR_09: 0000	-CLKOUT0 Register 2

	WARNING: Min duty cycle violation 0.500 < 1.0
	         Changing dutycycle to 1.0


	WARNING: Max duty cycle is 1.0 > 0.0
	         Changing dutycycle to 0.0

DADDR_0A: 1041	-CLKOUT1 Register 1
DADDR_0B: 00c0	-CLKOUT1 Register 2

	WARNING: Min duty cycle violation 0.500 < 1.0
	         Changing dutycycle to 1.0


	WARNING: Max duty cycle is 1.0 > 0.0
	         Changing dutycycle to 0.0

DADDR_0A: 1041	-CLKOUT1 Register 1
DADDR_0B: 00c0	-CLKOUT1 Register 2

	WARNING: Min duty cycle violation 0.500 < 1.0
	         Changing dutycycle to 1.0


	WARNING: Max duty cycle is 1.0 > 0.0
	         Changing dutycycle to 0.0

DADDR_0C: 1041	-CLKOUT2 Register 1
DADDR_0D: 00c0	-CLKOUT2 Register 2

	WARNING: Min duty cycle violation 0.500 < 1.0
	         Changing dutycycle to 1.0


	WARNING: Max duty cycle is 1.0 > 0.0
	         Changing dutycycle to 0.0

DADDR_0C: 1041	-CLKOUT2 Register 1
DADDR_0D: 00c0	-CLKOUT2 Register 2

	WARNING: Min duty cycle violation 0.500 < 1.0
	         Changing dutycycle to 1.0


	WARNING: Max duty cycle is 1.0 > 0.0
	         Changing dutycycle to 0.0

DADDR_0E: 1041	-CLKOUT3 Register 1
DADDR_0F: 00c0	-CLKOUT3 Register 2

	WARNING: Min duty cycle violation 0.500 < 1.0
	         Changing dutycycle to 1.0


	WARNING: Max duty cycle is 1.0 > 0.0
	         Changing dutycycle to 0.0

DADDR_0E: 1041	-CLKOUT3 Register 1
DADDR_0F: 00c0	-CLKOUT3 Register 2

	WARNING: Min duty cycle violation 0.500 < 1.0
	         Changing dutycycle to 1.0


	WARNING: Max duty cycle is 1.0 > 0.0
	         Changing dutycycle to 0.0

DADDR_10: 1041	-CLKOUT4 Register 1
DADDR_11: 00c0	-CLKOUT4 Register 2

	WARNING: Min duty cycle violation 0.500 < 1.0
	         Changing dutycycle to 1.0


	WARNING: Max duty cycle is 1.0 > 0.0
	         Changing dutycycle to 0.0

DADDR_10: 1041	-CLKOUT4 Register 1
DADDR_11: 00c0	-CLKOUT4 Register 2

	WARNING: Min duty cycle violation 0.500 < 1.0
	         Changing dutycycle to 1.0


	WARNING: Max duty cycle is 1.0 > 0.0
	         Changing dutycycle to 0.0

DADDR_06: 1041	-CLKOUT5 Register 1
DADDR_07: 00c0	-CLKOUT5 Register 2

	WARNING: Min duty cycle violation 0.500 < 1.0
	         Changing dutycycle to 1.0


	WARNING: Max duty cycle is 1.0 > 0.0
	         Changing dutycycle to 0.0

DADDR_06: 1041	-CLKOUT5 Register 1
DADDR_07: 00c0	-CLKOUT5 Register 2
DADDR_08: 1145	-CLKOUT0 Register 1
DADDR_09: 0000	-CLKOUT0 Register 2

	WARNING: Min duty cycle violation 0.500 < 1.0
	         Changing dutycycle to 1.0


	WARNING: Max duty cycle is 1.0 > 0.0
	         Changing dutycycle to 0.0

DADDR_12: 1041	-CLKOUT6 Register 1
DADDR_13: 00c0	-CLKOUT6 Register 2

	WARNING: Min duty cycle violation 0.500 < 1.0
	         Changing dutycycle to 1.0


	WARNING: Max duty cycle is 1.0 > 0.0
	         Changing dutycycle to 0.0

DADDR_12: 1041	-CLKOUT6 Register 1
DADDR_13: 00c0	-CLKOUT6 Register 2
DADDR_09: 4c00	-CLKOUT0 Register 1
DADDR_08: 1451	-CLKOUT0 Register 2
DADDR_07: 1400	-CLKOUT0 Register Shared with CLKOUT5
DADDR_09: 4c00	-CLKOUT0 Register 1
DADDR_08: 1451	-CLKOUT0 Register 2
DADDR_07: 1400	-CLKOUT0 Register Shared with CLKOUT5

	WARNING: Min duty cycle violation 0.500 < 1.0
	         Changing dutycycle to 1.0


	WARNING: Max duty cycle is 1.0 > 0.0
	         Changing dutycycle to 0.0

DADDR_0A: 1041	-CLKOUT1 Register 1
DADDR_0B: 00c0	-CLKOUT1 Register 2

	WARNING: Min duty cycle violation 0.500 < 1.0
	         Changing dutycycle to 1.0


	WARNING: Max duty cycle is 1.0 > 0.0
	         Changing dutycycle to 0.0

DADDR_0A: 1041	-CLKOUT1 Register 1
DADDR_0B: 00c0	-CLKOUT1 Register 2

	WARNING: Min duty cycle violation 0.500 < 1.0
	         Changing dutycycle to 1.0


	WARNING: Max duty cycle is 1.0 > 0.0
	         Changing dutycycle to 0.0

DADDR_0C: 1041	-CLKOUT2 Register 1
DADDR_0D: 00c0	-CLKOUT2 Register 2

	WARNING: Min duty cycle violation 0.500 < 1.0
	         Changing dutycycle to 1.0


	WARNING: Max duty cycle is 1.0 > 0.0
	         Changing dutycycle to 0.0

DADDR_0C: 1041	-CLKOUT2 Register 1
DADDR_0D: 00c0	-CLKOUT2 Register 2

	WARNING: Min duty cycle violation 0.500 < 1.0
	         Changing dutycycle to 1.0


	WARNING: Max duty cycle is 1.0 > 0.0
	         Changing dutycycle to 0.0

DADDR_0E: 1041	-CLKOUT3 Register 1
DADDR_0F: 00c0	-CLKOUT3 Register 2

	WARNING: Min duty cycle violation 0.500 < 1.0
	         Changing dutycycle to 1.0


	WARNING: Max duty cycle is 1.0 > 0.0
	         Changing dutycycle to 0.0

DADDR_0E: 1041	-CLKOUT3 Register 1
DADDR_0F: 00c0	-CLKOUT3 Register 2

	WARNING: Min duty cycle violation 0.500 < 1.0
	         Changing dutycycle to 1.0


	WARNING: Max duty cycle is 1.0 > 0.0
	         Changing dutycycle to 0.0

DADDR_10: 1041	-CLKOUT4 Register 1
DADDR_11: 00c0	-CLKOUT4 Register 2

	WARNING: Min duty cycle violation 0.500 < 1.0
	         Changing dutycycle to 1.0


	WARNING: Max duty cycle is 1.0 > 0.0
	         Changing dutycycle to 0.0

DADDR_10: 1041	-CLKOUT4 Register 1
DADDR_11: 00c0	-CLKOUT4 Register 2

	WARNING: Min duty cycle violation 0.500 < 1.0
	         Changing dutycycle to 1.0


	WARNING: Max duty cycle is 1.0 > 0.0
	         Changing dutycycle to 0.0

DADDR_06: 1041	-CLKOUT5 Register 1
DADDR_07: 00c0	-CLKOUT5 Register 2

	WARNING: Min duty cycle violation 0.500 < 1.0
	         Changing dutycycle to 1.0


	WARNING: Max duty cycle is 1.0 > 0.0
	         Changing dutycycle to 0.0

DADDR_06: 1041	-CLKOUT5 Register 1
DADDR_07: 00c0	-CLKOUT5 Register 2
DADDR_09: 4c00	-CLKOUT0 Register 1
DADDR_08: 1451	-CLKOUT0 Register 2
DADDR_07: 1400	-CLKOUT0 Register Shared with CLKOUT5

	WARNING: Min duty cycle violation 0.500 < 1.0
	         Changing dutycycle to 1.0


	WARNING: Max duty cycle is 1.0 > 0.0
	         Changing dutycycle to 0.0

DADDR_12: 1041	-CLKOUT6 Register 1
DADDR_13: 00c0	-CLKOUT6 Register 2

	WARNING: Min duty cycle violation 0.500 < 1.0
	         Changing dutycycle to 1.0


	WARNING: Max duty cycle is 1.0 > 0.0
	         Changing dutycycle to 0.0

DADDR_12: 1041	-CLKOUT6 Register 1
DADDR_13: 00c0	-CLKOUT6 Register 2
set_property -dict [list CONFIG.CLKOUT1_USED {true} CONFIG.CLKOUT1_REQUESTED_OUT_FREQ {25} CONFIG.CLKOUT2_USED {false} CONFIG.MMCM_DIVCLK_DIVIDE {1} CONFIG.MMCM_CLKFBOUT_MULT_F {9.125} CONFIG.MMCM_CLKOUT0_DIVIDE_F {36.500} CONFIG.MMCM_CLKOUT1_DIVIDE {1} CONFIG.NUM_OUT_CLKS {1} CONFIG.CLKOUT1_JITTER {181.828} CONFIG.CLKOUT1_PHASE_ERROR {104.359}] [get_ips clk_manager]
DADDR_09: 4c00	-CLKOUT0 Register 1
DADDR_08: 1451	-CLKOUT0 Register 2
DADDR_07: 1400	-CLKOUT0 Register Shared with CLKOUT5
DADDR_09: 4c00	-CLKOUT0 Register 1
DADDR_08: 1451	-CLKOUT0 Register 2
DADDR_07: 1400	-CLKOUT0 Register Shared with CLKOUT5

	WARNING: Min duty cycle violation 0.500 < 1.0
	         Changing dutycycle to 1.0


	WARNING: Max duty cycle is 1.0 > 0.0
	         Changing dutycycle to 0.0

DADDR_0A: 1041	-CLKOUT1 Register 1
DADDR_0B: 00c0	-CLKOUT1 Register 2

	WARNING: Min duty cycle violation 0.500 < 1.0
	         Changing dutycycle to 1.0


	WARNING: Max duty cycle is 1.0 > 0.0
	         Changing dutycycle to 0.0

DADDR_0A: 1041	-CLKOUT1 Register 1
DADDR_0B: 00c0	-CLKOUT1 Register 2

	WARNING: Min duty cycle violation 0.500 < 1.0
	         Changing dutycycle to 1.0


	WARNING: Max duty cycle is 1.0 > 0.0
	         Changing dutycycle to 0.0

DADDR_0C: 1041	-CLKOUT2 Register 1
DADDR_0D: 00c0	-CLKOUT2 Register 2

	WARNING: Min duty cycle violation 0.500 < 1.0
	         Changing dutycycle to 1.0


	WARNING: Max duty cycle is 1.0 > 0.0
	         Changing dutycycle to 0.0

DADDR_0C: 1041	-CLKOUT2 Register 1
DADDR_0D: 00c0	-CLKOUT2 Register 2

	WARNING: Min duty cycle violation 0.500 < 1.0
	         Changing dutycycle to 1.0


	WARNING: Max duty cycle is 1.0 > 0.0
	         Changing dutycycle to 0.0

DADDR_0E: 1041	-CLKOUT3 Register 1
DADDR_0F: 00c0	-CLKOUT3 Register 2

	WARNING: Min duty cycle violation 0.500 < 1.0
	         Changing dutycycle to 1.0


	WARNING: Max duty cycle is 1.0 > 0.0
	         Changing dutycycle to 0.0

DADDR_0E: 1041	-CLKOUT3 Register 1
DADDR_0F: 00c0	-CLKOUT3 Register 2

	WARNING: Min duty cycle violation 0.500 < 1.0
	         Changing dutycycle to 1.0


	WARNING: Max duty cycle is 1.0 > 0.0
	         Changing dutycycle to 0.0

DADDR_10: 1041	-CLKOUT4 Register 1
DADDR_11: 00c0	-CLKOUT4 Register 2

	WARNING: Min duty cycle violation 0.500 < 1.0
	         Changing dutycycle to 1.0


	WARNING: Max duty cycle is 1.0 > 0.0
	         Changing dutycycle to 0.0

DADDR_10: 1041	-CLKOUT4 Register 1
DADDR_11: 00c0	-CLKOUT4 Register 2

	WARNING: Min duty cycle violation 0.500 < 1.0
	         Changing dutycycle to 1.0


	WARNING: Max duty cycle is 1.0 > 0.0
	         Changing dutycycle to 0.0

DADDR_06: 1041	-CLKOUT5 Register 1
DADDR_07: 00c0	-CLKOUT5 Register 2

	WARNING: Min duty cycle violation 0.500 < 1.0
	         Changing dutycycle to 1.0


	WARNING: Max duty cycle is 1.0 > 0.0
	         Changing dutycycle to 0.0

DADDR_06: 1041	-CLKOUT5 Register 1
DADDR_07: 00c0	-CLKOUT5 Register 2
DADDR_09: 4c00	-CLKOUT0 Register 1
DADDR_08: 1451	-CLKOUT0 Register 2
DADDR_07: 1400	-CLKOUT0 Register Shared with CLKOUT5

	WARNING: Min duty cycle violation 0.500 < 1.0
	         Changing dutycycle to 1.0


	WARNING: Max duty cycle is 1.0 > 0.0
	         Changing dutycycle to 0.0

DADDR_12: 1041	-CLKOUT6 Register 1
DADDR_13: 00c0	-CLKOUT6 Register 2

	WARNING: Min duty cycle violation 0.500 < 1.0
	         Changing dutycycle to 1.0


	WARNING: Max duty cycle is 1.0 > 0.0
	         Changing dutycycle to 0.0

DADDR_12: 1041	-CLKOUT6 Register 1
DADDR_13: 00c0	-CLKOUT6 Register 2
generate_target all [get_files  {{C:/Users/Aaron Wubshet/Desktop/new_folder/Final_Project/Final_Project.srcs/sources_1/ip/clk_manager/clk_manager.xci}}]
INFO: [IP_Flow 19-1686] Generating 'Instantiation Template' target for IP 'clk_manager'...
INFO: [IP_Flow 19-1686] Generating 'Synthesis' target for IP 'clk_manager'...
INFO: [IP_Flow 19-1686] Generating 'Simulation' target for IP 'clk_manager'...
INFO: [IP_Flow 19-1686] Generating 'Implementation' target for IP 'clk_manager'...
INFO: [IP_Flow 19-1686] Generating 'Change Log' target for IP 'clk_manager'...
export_ip_user_files -of_objects [get_files {{C:/Users/Aaron Wubshet/Desktop/new_folder/Final_Project/Final_Project.srcs/sources_1/ip/clk_manager/clk_manager.xci}}] -no_script -force -quiet
export_simulation -of_objects [get_files {{C:/Users/Aaron Wubshet/Desktop/new_folder/Final_Project/Final_Project.srcs/sources_1/ip/clk_manager/clk_manager.xci}}] -directory {C:/Users/Aaron Wubshet/Desktop/new_folder/Final_Project/Final_Project.ip_user_files/sim_scripts} -ip_user_files_dir {C:/Users/Aaron Wubshet/Desktop/new_folder/Final_Project/Final_Project.ip_user_files} -ipstatic_source_dir {C:/Users/Aaron Wubshet/Desktop/new_folder/Final_Project/Final_Project.ip_user_files/ipstatic} -force -quiet
reset_run synth_1
launch_runs synth_1 -jobs 2
INFO: [HDL 9-2216] Analyzing Verilog file "C:/Users/Aaron Wubshet/Desktop/new_folder/Final_Project/Final_Project.srcs/sources_1/imports/6.111_Final_Project/Common/final_project.v" into library work [C:/Users/Aaron Wubshet/Desktop/new_folder/Final_Project/Final_Project.srcs/sources_1/imports/6.111_Final_Project/Common/final_project.v:1]
[Sun Nov 19 21:47:10 2017] Launched synth_1...
Run output will be captured here: C:/Users/Aaron Wubshet/Desktop/new_folder/Final_Project/Final_Project.runs/synth_1/runme.log
launch_runs impl_1 -jobs 2
[Sun Nov 19 21:59:44 2017] Launched impl_1...
Run output will be captured here: C:/Users/Aaron Wubshet/Desktop/new_folder/Final_Project/Final_Project.runs/impl_1/runme.log
launch_runs impl_1 -to_step write_bitstream -jobs 2
[Sun Nov 19 22:02:05 2017] Launched impl_1...
Run output will be captured here: C:/Users/Aaron Wubshet/Desktop/new_folder/Final_Project/Final_Project.runs/impl_1/runme.log
exit
INFO: [Common 17-206] Exiting Vivado at Sun Nov 19 23:07:58 2017...
