#-----------------------------------------------------------
# Vivado v2016.2 (64-bit)
# SW Build 1577090 on Thu Jun  2 16:32:40 MDT 2016
# IP Build 1577682 on Fri Jun  3 12:00:54 MDT 2016
# Start of session at: Wed Dec 06 18:16:07 2017
# Process ID: 6448
# Current directory: C:/Users/Aaron Wubshet/Desktop/6.111_Final_Project/FinalProjectContainer/FinalProject
# Command line: vivado.exe -gui_launcher_event rodinguilauncherevent9392 C:\Users\Aaron Wubshet\Desktop\6.111_Final_Project\FinalProjectContainer\FinalProject\FinalProject.xpr
# Log file: C:/Users/Aaron Wubshet/Desktop/6.111_Final_Project/FinalProjectContainer/FinalProject/vivado.log
# Journal file: C:/Users/Aaron Wubshet/Desktop/6.111_Final_Project/FinalProjectContainer/FinalProject\vivado.jou
#-----------------------------------------------------------
start_gui
open_project {C:/Users/Aaron Wubshet/Desktop/6.111_Final_Project/FinalProjectContainer/FinalProject/FinalProject.xpr}
INFO: [ProjectBase 1-489] The host OS only allows 260 characters in a normal path. The project is stored in a path with more than 80 characters. If you experience issues with IP, Block Designs, or files not being found, please consider moving the project to a location with a shorter path. Alternately consider using the OS subst command to map part of the path to a drive letter.
Current project path is 'C:/Users/Aaron Wubshet/Desktop/6.111_Final_Project/FinalProjectContainer/FinalProject'
INFO: [Project 1-313] Project file moved from '/afs/athena.mit.edu/user/a/w/awubshet/Documents/111/FinalProjectContainer/FinalProject' since last save.
Scanning sources...
Finished scanning sources
INFO: [IP_Flow 19-234] Refreshing IP repositories
INFO: [IP_Flow 19-1704] No user IP repositories specified
INFO: [IP_Flow 19-2313] Loaded Vivado IP repository 'C:/Xilinx/Vivado/2016.2/data/ip'.
open_project: Time (s): cpu = 00:00:13 ; elapsed = 00:00:07 . Memory (MB): peak = 783.148 ; gain = 133.898
update_compile_order -fileset sources_1
exit
INFO: [Common 17-206] Exiting Vivado at Wed Dec 06 18:16:36 2017...
