#-----------------------------------------------------------
# Vivado v2016.2 (64-bit)
# SW Build 1577090 on Thu Jun  2 16:32:40 MDT 2016
# IP Build 1577682 on Fri Jun  3 12:00:54 MDT 2016
# Start of session at: Mon Dec 11 17:00:12 2017
# Process ID: 10032
# Current directory: C:/Users/Aaron Wubshet/Desktop/FinalProjectContainer/FinalProject
# Command line: vivado.exe -gui_launcher_event rodinguilauncherevent12828 C:\Users\Aaron Wubshet\Desktop\FinalProjectContainer\FinalProject\FinalProject.xpr
# Log file: C:/Users/Aaron Wubshet/Desktop/FinalProjectContainer/FinalProject/vivado.log
# Journal file: C:/Users/Aaron Wubshet/Desktop/FinalProjectContainer/FinalProject\vivado.jou
#-----------------------------------------------------------
start_gui
open_project {C:/Users/Aaron Wubshet/Desktop/FinalProjectContainer/FinalProject/FinalProject.xpr}
INFO: [Project 1-313] Project file moved from 'C:/Users/Aaron Wubshet/Desktop/6.111_Final_Project/FinalProjectContainer/FinalProject' since last save.
Scanning sources...
Finished scanning sources
INFO: [IP_Flow 19-234] Refreshing IP repositories
INFO: [IP_Flow 19-1704] No user IP repositories specified
INFO: [IP_Flow 19-2313] Loaded Vivado IP repository 'C:/Xilinx/Vivado/2016.2/data/ip'.
open_project: Time (s): cpu = 00:00:35 ; elapsed = 00:00:17 . Memory (MB): peak = 894.645 ; gain = 249.387
update_compile_order -fileset sources_1
import_files -norecurse {{C:/Users/Aaron Wubshet/Desktop/6.111_Final_Project/FinalProjectContainer/sources/OV7670_config.v} {C:/Users/Aaron Wubshet/Desktop/6.111_Final_Project/FinalProjectContainer/sources/SCCB_interface.v} {C:/Users/Aaron Wubshet/Desktop/6.111_Final_Project/FinalProjectContainer/sources/OV7670_config_rom.v}}
update_compile_order -fileset sources_1
import_files -force -norecurse {{C:/Users/Aaron Wubshet/Desktop/6.111_Final_Project/FinalProjectContainer/sources/OV7670_config.v} {C:/Users/Aaron Wubshet/Desktop/6.111_Final_Project/FinalProjectContainer/sources/SCCB_interface.v} {C:/Users/Aaron Wubshet/Desktop/6.111_Final_Project/FinalProjectContainer/sources/OV7670_config_rom.v}}
update_compile_order -fileset sources_1
remove_files {{C:/Users/Aaron Wubshet/Desktop/FinalProjectContainer/FinalProject/FinalProject.srcs/sources_1/imports/sources/OV7670_config.v} {C:/Users/Aaron Wubshet/Desktop/FinalProjectContainer/FinalProject/FinalProject.srcs/sources_1/imports/sources/OV7670_config_rom.v} {C:/Users/Aaron Wubshet/Desktop/FinalProjectContainer/FinalProject/FinalProject.srcs/sources_1/imports/sources/SCCB_interface.v}}
import_files -force -norecurse {{C:/Users/Aaron Wubshet/Desktop/FinalProjectContainer/sources/OV7670_config.v} {C:/Users/Aaron Wubshet/Desktop/FinalProjectContainer/sources/camera_address_gen.v} {C:/Users/Aaron Wubshet/Desktop/FinalProjectContainer/sources/OV7670_config_rom.v} {C:/Users/Aaron Wubshet/Desktop/FinalProjectContainer/sources/camera_configure.v} {C:/Users/Aaron Wubshet/Desktop/FinalProjectContainer/sources/SCCB_interface.v} {C:/Users/Aaron Wubshet/Desktop/FinalProjectContainer/sources/camera_read.v}}
update_compile_order -fileset sources_1
reset_run synth_1
launch_runs impl_1 -to_step write_bitstream -jobs 2
[Mon Dec 11 17:06:50 2017] Launched synth_1...
Run output will be captured here: C:/Users/Aaron Wubshet/Desktop/FinalProjectContainer/FinalProject/FinalProject.runs/synth_1/runme.log
[Mon Dec 11 17:06:50 2017] Launched impl_1...
Run output will be captured here: C:/Users/Aaron Wubshet/Desktop/FinalProjectContainer/FinalProject/FinalProject.runs/impl_1/runme.log
exit
INFO: [Common 17-206] Exiting Vivado at Mon Dec 11 17:08:20 2017...
