
*** Running vivado
    with args -log fft_mag_xlconstant_1_0.vds -m64 -mode batch -messageDb vivado.pb -notrace -source fft_mag_xlconstant_1_0.tcl


****** Vivado v2016.2 (64-bit)
  **** SW Build 1577090 on Thu Jun  2 16:32:40 MDT 2016
  **** IP Build 1577682 on Fri Jun  3 12:00:54 MDT 2016
    ** Copyright 1986-2016 Xilinx, Inc. All Rights Reserved.

source fft_mag_xlconstant_1_0.tcl -notrace
Command: synth_design -top fft_mag_xlconstant_1_0 -part xc7a100tcsg324-3 -mode out_of_context
Starting synth_design
Attempting to get a license for feature 'Synthesis' and/or device 'xc7a100t'
INFO: [Common 17-349] Got license for feature 'Synthesis' and/or device 'xc7a100t'
INFO: Launching helper process for spawning children vivado processes
INFO: Helper process launched with PID 5360 
---------------------------------------------------------------------------------
Starting Synthesize : Time (s): cpu = 00:00:09 ; elapsed = 00:00:13 . Memory (MB): peak = 285.047 ; gain = 77.645
---------------------------------------------------------------------------------
INFO: [Synth 8-638] synthesizing module 'fft_mag_xlconstant_1_0' [c:/Users/Aaron Wubshet/Desktop/FinalProjectContainer/sources/ip/fft_mag_xlconstant_1_0/sim/fft_mag_xlconstant_1_0.v:56]
INFO: [Synth 8-638] synthesizing module 'xlconstant' [c:/Users/Aaron Wubshet/Desktop/FinalProjectContainer/sources/ip/fft_mag_xlconstant_1_0/work/xlconstant.v:23]
	Parameter CONST_VAL bound to: 1'b1 
	Parameter CONST_WIDTH bound to: 1 - type: integer 
INFO: [Synth 8-256] done synthesizing module 'xlconstant' (1#1) [c:/Users/Aaron Wubshet/Desktop/FinalProjectContainer/sources/ip/fft_mag_xlconstant_1_0/work/xlconstant.v:23]
INFO: [Synth 8-256] done synthesizing module 'fft_mag_xlconstant_1_0' (2#1) [c:/Users/Aaron Wubshet/Desktop/FinalProjectContainer/sources/ip/fft_mag_xlconstant_1_0/sim/fft_mag_xlconstant_1_0.v:56]
---------------------------------------------------------------------------------
Finished Synthesize : Time (s): cpu = 00:00:10 ; elapsed = 00:00:14 . Memory (MB): peak = 322.449 ; gain = 115.047
---------------------------------------------------------------------------------
---------------------------------------------------------------------------------
Finished Constraint Validation : Time (s): cpu = 00:00:10 ; elapsed = 00:00:15 . Memory (MB): peak = 322.449 ; gain = 115.047
---------------------------------------------------------------------------------
---------------------------------------------------------------------------------
Start Loading Part and Timing Information
---------------------------------------------------------------------------------
Loading part: xc7a100tcsg324-3
---------------------------------------------------------------------------------
Finished Loading Part and Timing Information : Time (s): cpu = 00:00:10 ; elapsed = 00:00:15 . Memory (MB): peak = 322.449 ; gain = 115.047
---------------------------------------------------------------------------------
INFO: [Device 21-403] Loading part xc7a100tcsg324-3
---------------------------------------------------------------------------------
Finished RTL Optimization Phase 2 : Time (s): cpu = 00:00:10 ; elapsed = 00:00:15 . Memory (MB): peak = 322.449 ; gain = 115.047
---------------------------------------------------------------------------------

Report RTL Partitions: 
+-+--------------+------------+----------+
| |RTL Partition |Replication |Instances |
+-+--------------+------------+----------+
+-+--------------+------------+----------+
No constraint files found.
---------------------------------------------------------------------------------
Start RTL Component Statistics 
---------------------------------------------------------------------------------
Detailed RTL Component Info : 
---------------------------------------------------------------------------------
Finished RTL Component Statistics 
---------------------------------------------------------------------------------
---------------------------------------------------------------------------------
Start RTL Hierarchical Component Statistics 
---------------------------------------------------------------------------------
Hierarchical RTL Component report 
---------------------------------------------------------------------------------
Finished RTL Hierarchical Component Statistics
---------------------------------------------------------------------------------
---------------------------------------------------------------------------------
Start Part Resource Summary
---------------------------------------------------------------------------------
Part Resources:
DSPs: 240 (col length:80)
BRAMs: 270 (col length: RAMB18 80 RAMB36 40)
---------------------------------------------------------------------------------
Finished Part Resource Summary
---------------------------------------------------------------------------------
Start Parallel Synthesis Optimization  : Time (s): cpu = 00:00:14 ; elapsed = 00:00:19 . Memory (MB): peak = 415.621 ; gain = 208.219
---------------------------------------------------------------------------------
Start Cross Boundary Optimization
---------------------------------------------------------------------------------
WARNING: [Synth 8-3330] design fft_mag_xlconstant_1_0 has an empty top module
INFO: [Synth 8-3917] design fft_mag_xlconstant_1_0 has port dout[0] driven by constant 1
---------------------------------------------------------------------------------
Finished Cross Boundary Optimization : Time (s): cpu = 00:00:14 ; elapsed = 00:00:19 . Memory (MB): peak = 415.621 ; gain = 208.219
---------------------------------------------------------------------------------
Finished Parallel Reinference  : Time (s): cpu = 00:00:14 ; elapsed = 00:00:19 . Memory (MB): peak = 415.621 ; gain = 208.219

Report RTL Partitions: 
+-+--------------+------------+----------+
| |RTL Partition |Replication |Instances |
+-+--------------+------------+----------+
+-+--------------+------------+----------+
No constraint files found.
---------------------------------------------------------------------------------
Start Area Optimization
---------------------------------------------------------------------------------
---------------------------------------------------------------------------------
Finished Area Optimization : Time (s): cpu = 00:00:14 ; elapsed = 00:00:19 . Memory (MB): peak = 415.621 ; gain = 208.219
---------------------------------------------------------------------------------
Finished Parallel Area Optimization  : Time (s): cpu = 00:00:14 ; elapsed = 00:00:19 . Memory (MB): peak = 415.621 ; gain = 208.219

Report RTL Partitions: 
+-+--------------+------------+----------+
| |RTL Partition |Replication |Instances |
+-+--------------+------------+----------+
+-+--------------+------------+----------+
---------------------------------------------------------------------------------
Start Timing Optimization
---------------------------------------------------------------------------------
No constraint files found.
---------------------------------------------------------------------------------
Finished Timing Optimization : Time (s): cpu = 00:00:14 ; elapsed = 00:00:19 . Memory (MB): peak = 415.621 ; gain = 208.219
---------------------------------------------------------------------------------

Report RTL Partitions: 
+-+--------------+------------+----------+
| |RTL Partition |Replication |Instances |
+-+--------------+------------+----------+
+-+--------------+------------+----------+
---------------------------------------------------------------------------------
Start Technology Mapping
---------------------------------------------------------------------------------
---------------------------------------------------------------------------------
Finished Technology Mapping : Time (s): cpu = 00:00:14 ; elapsed = 00:00:19 . Memory (MB): peak = 416.367 ; gain = 208.965
---------------------------------------------------------------------------------
Finished Parallel Technology Mapping Optimization  : Time (s): cpu = 00:00:14 ; elapsed = 00:00:19 . Memory (MB): peak = 416.367 ; gain = 208.965

Report RTL Partitions: 
+-+--------------+------------+----------+
| |RTL Partition |Replication |Instances |
+-+--------------+------------+----------+
+-+--------------+------------+----------+
Finished Parallel Synthesis Optimization  : Time (s): cpu = 00:00:14 ; elapsed = 00:00:19 . Memory (MB): peak = 416.367 ; gain = 208.965
---------------------------------------------------------------------------------
Start IO Insertion
---------------------------------------------------------------------------------
---------------------------------------------------------------------------------
Start Flattening Before IO Insertion
---------------------------------------------------------------------------------
---------------------------------------------------------------------------------
Finished Flattening Before IO Insertion
---------------------------------------------------------------------------------
---------------------------------------------------------------------------------
Start Final Netlist Cleanup
---------------------------------------------------------------------------------
---------------------------------------------------------------------------------
Finished Final Netlist Cleanup
---------------------------------------------------------------------------------
---------------------------------------------------------------------------------
Finished IO Insertion : Time (s): cpu = 00:00:15 ; elapsed = 00:00:20 . Memory (MB): peak = 416.367 ; gain = 208.965
---------------------------------------------------------------------------------

Report Check Netlist: 
+------+------------------+-------+---------+-------+------------------+
|      |Item              |Errors |Warnings |Status |Description       |
+------+------------------+-------+---------+-------+------------------+
|1     |multi_driven_nets |      0|        0|Passed |Multi driven nets |
+------+------------------+-------+---------+-------+------------------+
---------------------------------------------------------------------------------
Start Renaming Generated Instances
---------------------------------------------------------------------------------
---------------------------------------------------------------------------------
Finished Renaming Generated Instances : Time (s): cpu = 00:00:15 ; elapsed = 00:00:20 . Memory (MB): peak = 416.367 ; gain = 208.965
---------------------------------------------------------------------------------

Report RTL Partitions: 
+-+--------------+------------+----------+
| |RTL Partition |Replication |Instances |
+-+--------------+------------+----------+
+-+--------------+------------+----------+
---------------------------------------------------------------------------------
Start Rebuilding User Hierarchy
---------------------------------------------------------------------------------
---------------------------------------------------------------------------------
Finished Rebuilding User Hierarchy : Time (s): cpu = 00:00:15 ; elapsed = 00:00:20 . Memory (MB): peak = 416.367 ; gain = 208.965
---------------------------------------------------------------------------------
---------------------------------------------------------------------------------
Start Renaming Generated Ports
---------------------------------------------------------------------------------
---------------------------------------------------------------------------------
Finished Renaming Generated Ports : Time (s): cpu = 00:00:15 ; elapsed = 00:00:20 . Memory (MB): peak = 416.367 ; gain = 208.965
---------------------------------------------------------------------------------
---------------------------------------------------------------------------------
Start Handling Custom Attributes
---------------------------------------------------------------------------------
---------------------------------------------------------------------------------
Finished Handling Custom Attributes : Time (s): cpu = 00:00:15 ; elapsed = 00:00:20 . Memory (MB): peak = 416.367 ; gain = 208.965
---------------------------------------------------------------------------------
---------------------------------------------------------------------------------
Start Renaming Generated Nets
---------------------------------------------------------------------------------
---------------------------------------------------------------------------------
Finished Renaming Generated Nets : Time (s): cpu = 00:00:15 ; elapsed = 00:00:20 . Memory (MB): peak = 416.367 ; gain = 208.965
---------------------------------------------------------------------------------
---------------------------------------------------------------------------------
Start Writing Synthesis Report
---------------------------------------------------------------------------------

Report BlackBoxes: 
+-+--------------+----------+
| |BlackBox name |Instances |
+-+--------------+----------+
+-+--------------+----------+

Report Cell Usage: 
+-+-----+------+
| |Cell |Count |
+-+-----+------+
+-+-----+------+

Report Instance Areas: 
+------+---------+-------+------+
|      |Instance |Module |Cells |
+------+---------+-------+------+
|1     |top      |       |     0|
+------+---------+-------+------+
---------------------------------------------------------------------------------
Finished Writing Synthesis Report : Time (s): cpu = 00:00:15 ; elapsed = 00:00:20 . Memory (MB): peak = 416.367 ; gain = 208.965
---------------------------------------------------------------------------------
Synthesis finished with 0 errors, 0 critical warnings and 1 warnings.
Synthesis Optimization Runtime : Time (s): cpu = 00:00:11 ; elapsed = 00:00:12 . Memory (MB): peak = 416.367 ; gain = 204.785
Synthesis Optimization Complete : Time (s): cpu = 00:00:15 ; elapsed = 00:00:20 . Memory (MB): peak = 416.367 ; gain = 208.965
INFO: [Project 1-571] Translating synthesized netlist
INFO: [Project 1-570] Preparing netlist for logic optimization
INFO: [Opt 31-138] Pushed 0 inverter(s) to 0 load pin(s).
INFO: [Project 1-111] Unisim Transformation Summary:
No Unisim elements were transformed.

INFO: [Common 17-83] Releasing license: Synthesis
12 Infos, 1 Warnings, 0 Critical Warnings and 0 Errors encountered.
synth_design completed successfully
synth_design: Time (s): cpu = 00:00:14 ; elapsed = 00:00:16 . Memory (MB): peak = 518.332 ; gain = 306.750
INFO: [Timing 38-35] Done setting XDC timing constraints.
write_checkpoint: Time (s): cpu = 00:00:15 ; elapsed = 00:00:16 . Memory (MB): peak = 862.676 ; gain = 344.344
report_utilization: Time (s): cpu = 00:00:00 ; elapsed = 00:00:00.034 . Memory (MB): peak = 862.676 ; gain = 0.000
INFO: [Common 17-206] Exiting Vivado at Thu Dec 07 01:43:47 2017...
